c:\users\gobills\documents\duilib\duilib\build\release\stb_image.obj
c:\users\gobills\documents\duilib\duilib\build\release\stdafx.obj
c:\users\gobills\documents\duilib\duilib\build\release\uiactivex.obj
c:\users\gobills\documents\duilib\duilib\build\release\uibase.obj
c:\users\gobills\documents\duilib\duilib\build\release\uibutton.obj
c:\users\gobills\documents\duilib\duilib\build\release\uicheckbox.obj
c:\users\gobills\documents\duilib\duilib\build\release\uichildlayout.obj
c:\users\gobills\documents\duilib\duilib\build\release\uicombo.obj
c:\users\gobills\documents\duilib\duilib\build\release\uicontainer.obj
c:\users\gobills\documents\duilib\duilib\build\release\uicontrol.obj
c:\users\gobills\documents\duilib\duilib\build\release\uidatetime.obj
c:\users\gobills\documents\duilib\duilib\build\release\uidelegate.obj
c:\users\gobills\documents\duilib\duilib\build\release\uidlgbuilder.obj
c:\users\gobills\documents\duilib\duilib\build\release\uiedit.obj
c:\users\gobills\documents\duilib\duilib\build\release\uigifanim.obj
c:\users\gobills\documents\duilib\duilib\build\release\uihorizontallayout.obj
c:\users\gobills\documents\duilib\duilib\build\release\uilabel.obj
c:\users\gobills\documents\duilib\duilib\build\release\uilib.obj
c:\users\gobills\documents\duilib\duilib\build\release\uilist.obj
c:\users\gobills\documents\duilib\duilib\build\release\uimanager.obj
c:\users\gobills\documents\duilib\duilib\build\release\uimarkup.obj
c:\users\gobills\documents\duilib\duilib\build\release\uioption.obj
c:\users\gobills\documents\duilib\duilib\build\release\uiprogress.obj
c:\users\gobills\documents\duilib\duilib\build\release\uirender.obj
c:\users\gobills\documents\duilib\duilib\build\release\uirichedit.obj
c:\users\gobills\documents\duilib\duilib\build\release\uiscrollbar.obj
c:\users\gobills\documents\duilib\duilib\build\release\uislider.obj
c:\users\gobills\documents\duilib\duilib\build\release\uitablayout.obj
c:\users\gobills\documents\duilib\duilib\build\release\uitext.obj
c:\users\gobills\documents\duilib\duilib\build\release\uitilelayout.obj
c:\users\gobills\documents\duilib\duilib\build\release\uitreeview.obj
c:\users\gobills\documents\duilib\duilib\build\release\uiverticallayout.obj
c:\users\gobills\documents\duilib\duilib\build\release\uiwebbrowser.obj
c:\users\gobills\documents\duilib\duilib\build\release\utils.obj
c:\users\gobills\documents\duilib\duilib\build\release\winimplbase.obj
c:\users\gobills\documents\duilib\duilib\build\release\wndshadow.obj
c:\users\gobills\documents\duilib\duilib\build\release\xunzip.obj
c:\users\gobills\documents\duilib\duilib\build\release\duilib.pch
c:\users\gobills\documents\duilib\duilib\build\release\duilib.pdb
c:\users\gobills\documents\duilib\duilib\build\release\vc142.pdb
