C:\Program Files (x86)\Microsoft Visual Studio\2019\Community\MSBuild\Microsoft\VC\v160\Microsoft.CppBuild.targets(513,5): warning MSB8028: 中间目录(.\Build\Debug\)包含从另一个项目(DuiLib_Static.vcxproj)共享的文件。   这会导致错误的清除和重新生成行为。
cl : 命令行 warning D9035: “Gm”选项已否决，并将在将来的版本中移除
  StdAfx.cpp
C:\Users\gobills\Documents\duilib\DuiLib\Core\UIManager.h(45,2): warning C4091: “typedef ”: 没有声明变量时忽略“DuiLib::EVENTTYPE_UI”的左侧
cl : 命令行 warning D9035: “Gm”选项已否决，并将在将来的版本中移除
  UIWebBrowser.cpp
  UIText.cpp
C:\Users\gobills\Documents\duilib\DuiLib\Control\UIText.cpp(52,37): warning C4302: “类型强制转换”: 从“LPSTR”到“WORD”截断
  UISlider.cpp
C:\Users\gobills\Documents\duilib\DuiLib\Control\UISlider.cpp(212,36): warning C4302: “类型强制转换”: 从“LPSTR”到“WORD”截断
  UIScrollBar.cpp
  UIRichEdit.cpp
  UIProgress.cpp
  UIOption.cpp
  UIList.cpp
C:\Users\gobills\Documents\duilib\DuiLib\Control\UIList.cpp(1,1): warning C4819: 该文件包含不能在当前代码页(936)中表示的字符。请将该文件保存为 Unicode 格式以防止数据丢失
C:\Users\gobills\Documents\duilib\DuiLib\Control\UIList.cpp(900,1): warning C4819: 该文件包含不能在当前代码页(936)中表示的字符。请将该文件保存为 Unicode 格式以防止数据丢失
C:\Users\gobills\Documents\duilib\DuiLib\Control\UIList.cpp(1749,1): warning C4819: 该文件包含不能在当前代码页(936)中表示的字符。请将该文件保存为 Unicode 格式以防止数据丢失
C:\Users\gobills\Documents\duilib\DuiLib\Control\UIList.cpp(1781,44): warning C4302: “类型强制转换”: 从“LPSTR”到“WORD”截断
C:\Users\gobills\Documents\duilib\DuiLib\Control\UIList.cpp(2417,48): warning C4302: “类型强制转换”: 从“LPSTR”到“WORD”截断
  UILabel.cpp
  UIGifAnim.cpp
C:\Users\gobills\Documents\duilib\DuiLib\Control\UIGifAnim.cpp(1,1): warning C4819: 该文件包含不能在当前代码页(936)中表示的字符。请将该文件保存为 Unicode 格式以防止数据丢失
  UIEdit.cpp
C:\Users\gobills\Documents\duilib\DuiLib\Control\UIEdit.cpp(288,35): warning C4302: “类型强制转换”: 从“LPSTR”到“WORD”截断
  UIDateTime.cpp
C:\Users\gobills\Documents\duilib\DuiLib\Control\UIDateTime.cpp(297,35): warning C4302: “类型强制转换”: 从“LPSTR”到“WORD”截断
  UICombo.cpp
  UICheckBox.cpp
  UIButton.cpp
C:\Users\gobills\Documents\duilib\DuiLib\Control\UIButton.cpp(127,35): warning C4302: “类型强制转换”: 从“LPSTR”到“WORD”截断
  UIActiveX.cpp
  UIVerticalLayout.cpp
C:\Users\gobills\Documents\duilib\DuiLib\Layout\UIVerticalLayout.cpp(306,37): warning C4302: “类型强制转换”: 从“LPSTR”到“WORD”截断
  UITileLayout.cpp
  UITabLayout.cpp
  UIHorizontalLayout.cpp
C:\Users\gobills\Documents\duilib\DuiLib\Layout\UIHorizontalLayout.cpp(313,37): warning C4302: “类型强制转换”: 从“LPSTR”到“WORD”截断
  正在生成代码...
  正在编译...
  UIChildLayout.cpp
  UIRender.cpp
C:\Users\gobills\Documents\duilib\DuiLib\Core\UIRender.cpp(1196,61): warning C4838: 从“int”转换到“COLOR16”需要收缩转换
C:\Users\gobills\Documents\duilib\DuiLib\Core\UIRender.cpp(1196,86): warning C4838: 从“int”转换到“COLOR16”需要收缩转换
C:\Users\gobills\Documents\duilib\DuiLib\Core\UIRender.cpp(1196,111): warning C4838: 从“int”转换到“COLOR16”需要收缩转换
C:\Users\gobills\Documents\duilib\DuiLib\Core\UIRender.cpp(1197,66): warning C4838: 从“int”转换到“COLOR16”需要收缩转换
C:\Users\gobills\Documents\duilib\DuiLib\Core\UIRender.cpp(1197,92): warning C4838: 从“int”转换到“COLOR16”需要收缩转换
C:\Users\gobills\Documents\duilib\DuiLib\Core\UIRender.cpp(1197,118): warning C4838: 从“int”转换到“COLOR16”需要收缩转换
  UIMarkup.cpp
  UIManager.cpp
C:\Users\gobills\Documents\duilib\DuiLib\Core\UIManager.cpp(1045,39): warning C4838: 从“DWORD”转换到“LONG”需要收缩转换
C:\Users\gobills\Documents\duilib\DuiLib\Core\UIManager.cpp(1045,48): warning C4838: 从“DWORD”转换到“LONG”需要收缩转换
  UIDlgBuilder.cpp
  UIControl.cpp
C:\Users\gobills\Documents\duilib\DuiLib\Core\UIControl.cpp(832,40): warning C4302: “类型强制转换”: 从“LPSTR”到“WORD”截断
  UIContainer.cpp
  UIBase.cpp
  WndShadow.cpp
  Utils.cpp
  UIDelegate.cpp
  WinImplBase.cpp
  UIlib.cpp
  UITreeView.cpp
  正在生成代码...
cl : 命令行 warning D9035: “Gm”选项已否决，并将在将来的版本中移除
  stb_image.c
cl : 命令行 warning D9035: “Gm”选项已否决，并将在将来的版本中移除
  XUnzip.cpp
C:\Program Files (x86)\Microsoft Visual Studio\2019\Community\MSBuild\Microsoft\VC\v160\Microsoft.CppBuild.targets(1363,5): warning MSB8012: TargetPath(C:\Users\gobills\Documents\duilib\DuiLib\Build\Debug\DuiLib.dll) 与 Linker 的 OutputFile 属性值(C:\Users\gobills\Documents\duilib\bin\DuiLib_d.dll)不匹配。这可能导致项目生成不正确。若要更正此问题，请确保 $(OutDir)、$(TargetName) 和 $(TargetExt) 属性值与 %(Link.OutputFile) 中指定的值匹配。
C:\Program Files (x86)\Microsoft Visual Studio\2019\Community\MSBuild\Microsoft\VC\v160\Microsoft.CppBuild.targets(1365,5): warning MSB8012: TargetName(DuiLib) 与 Linker 的 OutputFile 属性值(DuiLib_d)不匹配。这可能导致项目生成不正确。若要更正此问题，请确保 $(OutDir)、$(TargetName) 和 $(TargetExt) 属性值与 %(Link.OutputFile) 中指定的值匹配。
UIlib.obj : warning LNK4197: 多次指定导出“??HCDuiString@DuiLib@@QBE?AV01@PB_W@Z”；使用第一个规范
    正在创建库 ../lib/DuiLib_d.lib 和对象 ../lib/DuiLib_d.exp
  DuiLib.vcxproj -> C:\Users\gobills\Documents\duilib\DuiLib\Build\Debug\DuiLib.dll
